#
# There is insufficient memory for the Java Runtime Environment to continue.
# Native memory allocation (malloc) failed to allocate 1541856 bytes for Chunk::new
# Possible reasons:
#   The system is out of physical RAM or swap space
#   In 32 bit mode, the process size limit was hit
# Possible solutions:
#   Reduce memory load on the system
#   Increase physical memory or swap space
#   Check if swap backing store is full
#   Use 64 bit Java on a 64 bit OS
#   Decrease Java heap size (-Xmx/-Xms)
#   Decrease number of Java threads
#   Decrease Java thread stack sizes (-Xss)
#   Set larger code cache with -XX:ReservedCodeCacheSize=
# This output file may be truncated or incomplete.
#
#  Out of Memory Error (allocation.cpp:390), pid=15468, tid=24752
#
# JRE version: Java(TM) SE Runtime Environment (8.0_91-b14) (build 1.8.0_91-b14)
# Java VM: Java HotSpot(TM) 64-Bit Server VM (25.91-b14 mixed mode windows-amd64 compressed oops)
# Failed to write core dump. Minidumps are not enabled by default on client versions of Windows
#

---------------  T H R E A D  ---------------

Current thread (0x0000000015342000):  JavaThread "C2 CompilerThread1" daemon [_thread_in_native, id=24752, stack(0x0000000016a70000,0x0000000016b70000)]

Stack: [0x0000000016a70000,0x0000000016b70000]
[error occurred during error reporting (printing stack bounds), id 0xc0000005]

Native frames: (J=compiled Java code, j=interpreted, Vv=VM code, C=native code)


Current CompileTask:
C2:   4633 1665       4       com.sun.tools.javac.comp.TransTypes::addBridgeIfNeeded (491 bytes)


---------------  P R O C E S S  ---------------

Java Threads: ( => current thread )
  0x0000000016c90800 JavaThread "Service Thread" daemon [_thread_blocked, id=11132, stack(0x0000000017070000,0x0000000017170000)]
  0x0000000015347000 JavaThread "C1 CompilerThread2" daemon [_thread_in_vm, id=25928, stack(0x0000000016b70000,0x0000000016c70000)]
=>0x0000000015342000 JavaThread "C2 CompilerThread1" daemon [_thread_in_native, id=24752, stack(0x0000000016a70000,0x0000000016b70000)]
  0x000000001534b800 JavaThread "C2 CompilerThread0" daemon [_thread_in_native, id=13888, stack(0x0000000016970000,0x0000000016a70000)]
  0x000000001534a000 JavaThread "Attach Listener" daemon [_thread_blocked, id=10008, stack(0x0000000016870000,0x0000000016970000)]
  0x0000000015349000 JavaThread "Signal Dispatcher" daemon [_thread_blocked, id=16936, stack(0x0000000016770000,0x0000000016870000)]
  0x0000000002cee800 JavaThread "Finalizer" daemon [_thread_blocked, id=20304, stack(0x0000000016590000,0x0000000016690000)]
  0x0000000002ce3000 JavaThread "Reference Handler" daemon [_thread_blocked, id=1156, stack(0x0000000016490000,0x0000000016590000)]
  0x0000000002bf3800 JavaThread "main" [_thread_in_Java, id=16268, stack(0x0000000002ad0000,0x0000000002bd0000)]

Other Threads:
  0x0000000015307000 VMThread [stack: 0x0000000016390000,0x0000000016490000] [id=23052]
  0x000000001539e800 WatcherThread [stack: 0x0000000017170000,0x0000000017270000] [id=26420]

VM state:not at safepoint (normal execution)

VM Mutex/Monitor currently owned by a thread:  ([mutex/lock_event])
[0x0000000002bf2760] MethodData_lock - owner thread: 0x0000000000000000

Heap:
 PSYoungGen      total 15360K, used 9008K [0x00000000eb380000, 0x00000000eca80000, 0x0000000100000000)
  eden space 10240K, 87% used [0x00000000eb380000,0x00000000ebc4c180,0x00000000ebd80000)
  from space 5120K, 0% used [0x00000000ec580000,0x00000000ec580000,0x00000000eca80000)
  to   space 4096K, 0% used [0x00000000ebd80000,0x00000000ebd80000,0x00000000ec180000)
 ParOldGen       total 10240K, used 9813K [0x00000000c1a00000, 0x00000000c2400000, 0x00000000eb380000)
  object space 10240K, 95% used [0x00000000c1a00000,0x00000000c23955d8,0x00000000c2400000)
 Metaspace       used 9241K, capacity 9812K, committed 10112K, reserved 1058816K
  class space    used 1013K, capacity 1040K, committed 1152K, reserved 1048576K

Card table byte_map: [0x0000000012120000,0x0000000012320000] byte_map_base: 0x0000000011b13000

Marking Bits: (ParMarkBitMap*) 0x0000000064152f70
 Begin Bits: [0x0000000012870000, 0x0000000013808000)
 End Bits:   [0x0000000013808000, 0x00000000147a0000)

Polling page: 0x0000000001190000

CodeCache: size=245760Kb used=7090Kb max_used=7101Kb free=238669Kb
 bounds [0x0000000002d60000, 0x0000000003460000, 0x0000000011d60000]
 total_blobs=2023 nmethods=1726 adapters=209
 compilation: enabled

Compilation events (10 events):
Event: 4.611 Thread 0x0000000015347000 nmethod 1719 0x000000000343bd50 code [0x000000000343bfa0, 0x000000000343cef8]
Event: 4.611 Thread 0x0000000015347000 1720       3       com.sun.tools.javac.jvm.ClassWriter::writeAttr (31 bytes)
Event: 4.611 Thread 0x0000000015347000 nmethod 1720 0x000000000342ea90 code [0x000000000342ec20, 0x000000000342ee88]
Event: 4.611 Thread 0x0000000015347000 1721       3       com.sun.tools.javac.jvm.ClassWriter::endAttr (21 bytes)
Event: 4.611 Thread 0x0000000015347000 nmethod 1721 0x0000000003439d10 code [0x0000000003439e80, 0x000000000343a028]
Event: 4.611 Thread 0x0000000015347000 1722       3       com.sun.tools.javac.jvm.ClassWriter::putInt (64 bytes)
Event: 4.612 Thread 0x0000000015347000 nmethod 1722 0x0000000003439810 code [0x0000000003439980, 0x0000000003439b90]
Event: 4.612 Thread 0x0000000015347000 1724       3       com.sun.tools.javac.jvm.Items$Item::drop (1 bytes)
Event: 4.612 Thread 0x0000000015347000 nmethod 1724 0x00000000034394d0 code [0x0000000003439620, 0x0000000003439770]
Event: 4.613 Thread 0x0000000015347000 1726   !   3       com.sun.tools.javac.comp.Check::checkOverride (869 bytes)

GC Heap History (10 events):
Event: 3.263 GC heap before
{Heap before GC invocations=8 (full 1):
 PSYoungGen      total 7168K, used 1529K [0x00000000eb380000, 0x00000000ec580000, 0x0000000100000000)
  eden space 5632K, 0% used [0x00000000eb380000,0x00000000eb380000,0x00000000eb900000)
  from space 1536K, 99% used [0x00000000eb900000,0x00000000eba7e4e8,0x00000000eba80000)
  to   space 3584K, 0% used [0x00000000ec200000,0x00000000ec200000,0x00000000ec580000)
 ParOldGen       total 5632K, used 4399K [0x00000000c1a00000, 0x00000000c1f80000, 0x00000000eb380000)
  object space 5632K, 78% used [0x00000000c1a00000,0x00000000c1e4bcb0,0x00000000c1f80000)
 Metaspace       used 7459K, capacity 8308K, committed 8448K, reserved 1056768K
  class space    used 895K, capacity 944K, committed 1024K, reserved 1048576K
Event: 3.314 GC heap after
Heap after GC invocations=8 (full 1):
 PSYoungGen      total 7168K, used 504K [0x00000000eb380000, 0x00000000ec580000, 0x0000000100000000)
  eden space 5632K, 0% used [0x00000000eb380000,0x00000000eb380000,0x00000000eb900000)
  from space 1536K, 32% used [0x00000000eb900000,0x00000000eb97e310,0x00000000eba80000)
  to   space 3584K, 0% used [0x00000000ec200000,0x00000000ec200000,0x00000000ec580000)
 ParOldGen       total 10240K, used 5212K [0x00000000c1a00000, 0x00000000c2400000, 0x00000000eb380000)
  object space 10240K, 50% used [0x00000000c1a00000,0x00000000c1f17158,0x00000000c2400000)
 Metaspace       used 7459K, capacity 8308K, committed 8448K, reserved 1056768K
  class space    used 895K, capacity 944K, committed 1024K, reserved 1048576K
}
Event: 3.440 GC heap before
{Heap before GC invocations=9 (full 1):
 PSYoungGen      total 7168K, used 6136K [0x00000000eb380000, 0x00000000ec580000, 0x0000000100000000)
  eden space 5632K, 100% used [0x00000000eb380000,0x00000000eb900000,0x00000000eb900000)
  from space 1536K, 32% used [0x00000000eb900000,0x00000000eb97e310,0x00000000eba80000)
  to   space 3584K, 0% used [0x00000000ec200000,0x00000000ec200000,0x00000000ec580000)
 ParOldGen       total 10240K, used 5212K [0x00000000c1a00000, 0x00000000c2400000, 0x00000000eb380000)
  object space 10240K, 50% used [0x00000000c1a00000,0x00000000c1f17158,0x00000000c2400000)
 Metaspace       used 7544K, capacity 8372K, committed 8704K, reserved 1056768K
  class space    used 900K, capacity 944K, committed 1024K, reserved 1048576K
Event: 3.448 GC heap after
Heap after GC invocations=9 (full 1):
 PSYoungGen      total 12800K, used 3554K [0x00000000eb380000, 0x00000000ec580000, 0x0000000100000000)
  eden space 9216K, 0% used [0x00000000eb380000,0x00000000eb380000,0x00000000ebc80000)
  from space 3584K, 99% used [0x00000000ec200000,0x00000000ec578bb0,0x00000000ec580000)
  to   space 4096K, 0% used [0x00000000ebd80000,0x00000000ebd80000,0x00000000ec180000)
 ParOldGen       total 10240K, used 5236K [0x00000000c1a00000, 0x00000000c2400000, 0x00000000eb380000)
  object space 10240K, 51% used [0x00000000c1a00000,0x00000000c1f1d158,0x00000000c2400000)
 Metaspace       used 7544K, capacity 8372K, committed 8704K, reserved 1056768K
  class space    used 900K, capacity 944K, committed 1024K, reserved 1048576K
}
Event: 3.571 GC heap before
{Heap before GC invocations=10 (full 1):
 PSYoungGen      total 12800K, used 12770K [0x00000000eb380000, 0x00000000ec580000, 0x0000000100000000)
  eden space 9216K, 100% used [0x00000000eb380000,0x00000000ebc80000,0x00000000ebc80000)
  from space 3584K, 99% used [0x00000000ec200000,0x00000000ec578bb0,0x00000000ec580000)
  to   space 4096K, 0% used [0x00000000ebd80000,0x00000000ebd80000,0x00000000ec180000)
 ParOldGen       total 10240K, used 5236K [0x00000000c1a00000, 0x00000000c2400000, 0x00000000eb380000)
  object space 10240K, 51% used [0x00000000c1a00000,0x00000000c1f1d158,0x00000000c2400000)
 Metaspace       used 7758K, capacity 8564K, committed 8704K, reserved 1056768K
  class space    used 913K, capacity 944K, committed 1024K, reserved 1048576K
Event: 3.584 GC heap after
Heap after GC invocations=10 (full 1):
 PSYoungGen      total 14336K, used 4088K [0x00000000eb380000, 0x00000000eca80000, 0x0000000100000000)
  eden space 10240K, 0% used [0x00000000eb380000,0x00000000eb380000,0x00000000ebd80000)
  from space 4096K, 99% used [0x00000000ebd80000,0x00000000ec17e050,0x00000000ec180000)
  to   space 5120K, 0% used [0x00000000ec580000,0x00000000ec580000,0x00000000eca80000)
 ParOldGen       total 10240K, used 6142K [0x00000000c1a00000, 0x00000000c2400000, 0x00000000eb380000)
  object space 10240K, 59% used [0x00000000c1a00000,0x00000000c1fffac8,0x00000000c2400000)
 Metaspace       used 7758K, capacity 8564K, committed 8704K, reserved 1056768K
  class space    used 913K, capacity 944K, committed 1024K, reserved 1048576K
}
Event: 4.031 GC heap before
{Heap before GC invocations=11 (full 1):
 PSYoungGen      total 14336K, used 14328K [0x00000000eb380000, 0x00000000eca80000, 0x0000000100000000)
  eden space 10240K, 100% used [0x00000000eb380000,0x00000000ebd80000,0x00000000ebd80000)
  from space 4096K, 99% used [0x00000000ebd80000,0x00000000ec17e050,0x00000000ec180000)
  to   space 5120K, 0% used [0x00000000ec580000,0x00000000ec580000,0x00000000eca80000)
 ParOldGen       total 10240K, used 6142K [0x00000000c1a00000, 0x00000000c2400000, 0x00000000eb380000)
  object space 10240K, 59% used [0x00000000c1a00000,0x00000000c1fffac8,0x00000000c2400000)
 Metaspace       used 8819K, capacity 9492K, committed 9856K, reserved 1058816K
  class space    used 1008K, capacity 1040K, committed 1152K, reserved 1048576K
Event: 4.043 GC heap after
Heap after GC invocations=11 (full 1):
 PSYoungGen      total 15360K, used 3359K [0x00000000eb380000, 0x00000000eca80000, 0x0000000100000000)
  eden space 10240K, 0% used [0x00000000eb380000,0x00000000eb380000,0x00000000ebd80000)
  from space 5120K, 65% used [0x00000000ec580000,0x00000000ec8c7f80,0x00000000eca80000)
  to   space 4096K, 0% used [0x00000000ebd80000,0x00000000ebd80000,0x00000000ec180000)
 ParOldGen       total 10240K, used 8771K [0x00000000c1a00000, 0x00000000c2400000, 0x00000000eb380000)
  object space 10240K, 85% used [0x00000000c1a00000,0x00000000c2290e30,0x00000000c2400000)
 Metaspace       used 8819K, capacity 9492K, committed 9856K, reserved 1058816K
  class space    used 1008K, capacity 1040K, committed 1152K, reserved 1048576K
}
Event: 4.043 GC heap before
{Heap before GC invocations=12 (full 2):
 PSYoungGen      total 15360K, used 3359K [0x00000000eb380000, 0x00000000eca80000, 0x0000000100000000)
  eden space 10240K, 0% used [0x00000000eb380000,0x00000000eb380000,0x00000000ebd80000)
  from space 5120K, 65% used [0x00000000ec580000,0x00000000ec8c7f80,0x00000000eca80000)
  to   space 4096K, 0% used [0x00000000ebd80000,0x00000000ebd80000,0x00000000ec180000)
 ParOldGen       total 10240K, used 8771K [0x00000000c1a00000, 0x00000000c2400000, 0x00000000eb380000)
  object space 10240K, 85% used [0x00000000c1a00000,0x00000000c2290e30,0x00000000c2400000)
 Metaspace       used 8819K, capacity 9492K, committed 9856K, reserved 1058816K
  class space    used 1008K, capacity 1040K, committed 1152K, reserved 1048576K
Event: 4.108 GC heap after
Heap after GC invocations=12 (full 2):
 PSYoungGen      total 15360K, used 0K [0x00000000eb380000, 0x00000000eca80000, 0x0000000100000000)
  eden space 10240K, 0% used [0x00000000eb380000,0x00000000eb380000,0x00000000ebd80000)
  from space 5120K, 0% used [0x00000000ec580000,0x00000000ec580000,0x00000000eca80000)
  to   space 4096K, 0% used [0x00000000ebd80000,0x00000000ebd80000,0x00000000ec180000)
 ParOldGen       total 10240K, used 9813K [0x00000000c1a00000, 0x00000000c2400000, 0x00000000eb380000)
  object space 10240K, 95% used [0x00000000c1a00000,0x00000000c23955d8,0x00000000c2400000)
 Metaspace       used 8819K, capacity 9492K, committed 9856K, reserved 1058816K
  class space    used 1008K, capacity 1040K, committed 1152K, reserved 1048576K
}

Deoptimization events (10 events):
Event: 3.857 Thread 0x0000000002bf3800 Uncommon trap: reason=class_check action=maybe_recompile pc=0x00000000030a2d60 method=java.util.HashMap.putVal(ILjava/lang/Object;Ljava/lang/Object;ZZ)Ljava/lang/Object; @ 253
Event: 3.899 Thread 0x0000000002bf3800 Uncommon trap: reason=class_check action=maybe_recompile pc=0x00000000030a2d60 method=java.util.HashMap.putVal(ILjava/lang/Object;Ljava/lang/Object;ZZ)Ljava/lang/Object; @ 253
Event: 3.910 Thread 0x0000000002bf3800 Uncommon trap: reason=class_check action=maybe_recompile pc=0x00000000030556f4 method=java.util.HashMap.putVal(ILjava/lang/Object;Ljava/lang/Object;ZZ)Ljava/lang/Object; @ 253
Event: 4.002 Thread 0x0000000002bf3800 Uncommon trap: reason=class_check action=maybe_recompile pc=0x0000000003208f78 method=com.sun.tools.javac.code.Types$13.visitClassType(Lcom/sun/tools/javac/code/Type$ClassType;Lcom/sun/tools/javac/code/Symbol;)Lcom/sun/tools/javac/code/Type; @ 94
Event: 4.002 Thread 0x0000000002bf3800 Uncommon trap: reason=class_check action=maybe_recompile pc=0x0000000003208f78 method=com.sun.tools.javac.code.Types$13.visitClassType(Lcom/sun/tools/javac/code/Type$ClassType;Lcom/sun/tools/javac/code/Symbol;)Lcom/sun/tools/javac/code/Type; @ 94
Event: 4.002 Thread 0x0000000002bf3800 Uncommon trap: reason=class_check action=maybe_recompile pc=0x0000000003208f78 method=com.sun.tools.javac.code.Types$13.visitClassType(Lcom/sun/tools/javac/code/Type$ClassType;Lcom/sun/tools/javac/code/Symbol;)Lcom/sun/tools/javac/code/Type; @ 94
Event: 4.006 Thread 0x0000000002bf3800 Uncommon trap: reason=unstable_if action=reinterpret pc=0x0000000003175224 method=com.sun.tools.javac.code.Scope.dble()V @ 44
Event: 4.012 Thread 0x0000000002bf3800 Uncommon trap: reason=class_check action=maybe_recompile pc=0x0000000003208f78 method=com.sun.tools.javac.code.Types$13.visitClassType(Lcom/sun/tools/javac/code/Type$ClassType;Lcom/sun/tools/javac/code/Symbol;)Lcom/sun/tools/javac/code/Type; @ 94
Event: 4.132 Thread 0x0000000002bf3800 Uncommon trap: reason=class_check action=maybe_recompile pc=0x0000000003138d88 method=com.sun.tools.javac.code.Types$19.visitClassType(Lcom/sun/tools/javac/code/Type$ClassType;Ljava/lang/Void;)Lcom/sun/tools/javac/util/List; @ 46
Event: 4.160 Thread 0x0000000002bf3800 Uncommon trap: reason=bimorphic action=maybe_recompile pc=0x0000000003117d1c method=com.sun.tools.javac.code.Types$UnaryVisitor.visit(Lcom/sun/tools/javac/code/Type;)Ljava/lang/Object; @ 3

Internal exceptions (10 events):
Event: 0.144 Thread 0x0000000002bf3800 Exception <a 'java/lang/NoSuchMethodError': Method sun.misc.Unsafe.defineClass(Ljava/lang/String;[BII)Ljava/lang/Class; name or signature does not match> (0x00000000eb387cd8) thrown at [C:\re\workspace\8-2-build-windows-amd64-cygwin\jdk8u91\6644\hotspot\sr^é¶IjÂ?
Event: 0.144 Thread 0x0000000002bf3800 Exception <a 'java/lang/NoSuchMethodError': Method sun.misc.Unsafe.prefetchRead(Ljava/lang/Object;J)V name or signature does not match> (0x00000000eb387fc0) thrown at [C:\re\workspace\8-2-build-windows-amd64-cygwin\jdk8u91\6644\hotspot\src\share\vm\prims\jŽd’Á˜ð?
Event: 1.006 Thread 0x0000000002bf3800 Exception <a 'java/security/PrivilegedActionException'> (0x00000000eb4ea738) thrown at [C:\re\workspace\8-2-build-windows-amd64-cygwin\jdk8u91\6644\hotspot\src\share\vm\prims\jvm.cpp, line 1386]
Event: 1.006 Thread 0x0000000002bf3800 Exception <a 'java/security/PrivilegedActionException'> (0x00000000eb4eab30) thrown at [C:\re\workspace\8-2-build-windows-amd64-cygwin\jdk8u91\6644\hotspot\src\share\vm\prims\jvm.cpp, line 1386]
Event: 1.007 Thread 0x0000000002bf3800 Exception <a 'java/security/PrivilegedActionException'> (0x00000000eb4eeb60) thrown at [C:\re\workspace\8-2-build-windows-amd64-cygwin\jdk8u91\6644\hotspot\src\share\vm\prims\jvm.cpp, line 1386]
Event: 1.007 Thread 0x0000000002bf3800 Exception <a 'java/security/PrivilegedActionException'> (0x00000000eb4eef58) thrown at [C:\re\workspace\8-2-build-windows-amd64-cygwin\jdk8u91\6644\hotspot\src\share\vm\prims\jvm.cpp, line 1386]
Event: 1.084 Thread 0x0000000002bf3800 Exception <a 'java/security/PrivilegedActionException'> (0x00000000eb38b1b8) thrown at [C:\re\workspace\8-2-build-windows-amd64-cygwin\jdk8u91\6644\hotspot\src\share\vm\prims\jvm.cpp, line 1386]
Event: 1.084 Thread 0x0000000002bf3800 Exception <a 'java/security/PrivilegedActionException'> (0x00000000eb38b5b0) thrown at [C:\re\workspace\8-2-build-windows-amd64-cygwin\jdk8u91\6644\hotspot\src\share\vm\prims\jvm.cpp, line 1386]
Event: 3.333 Thread 0x0000000002bf3800 Exception <a 'java/io/FileNotFoundException'> (0x00000000eb46a9b8) thrown at [C:\re\workspace\8-2-build-windows-amd64-cygwin\jdk8u91\6644\hotspot\src\share\vm\prims\jni.cpp, line 709]
Event: 3.390 Thread 0x0000000002bf3800 Exception <a 'java/io/FileNotFoundException'> (0x00000000eb49ea00) thrown at [C:\re\workspace\8-2-build-windows-amd64-cygwin\jdk8u91\6644\hotspot\src\share\vm\prims\jni.cpp, line 709]

Events (10 events):
Event: 4.165 loading class com/sun/tools/javac/code/Kinds$KindName
Event: 4.165 loading class com/sun/tools/javac/code/Kinds$KindName done
Event: 4.177 loading class java/io/DataOutputStream
Event: 4.219 loading class java/io/DataOutputStream done
Event: 4.268 Executing VM operation: ForceSafepoint
Event: 4.268 Executing VM operation: ForceSafepoint done
Event: 4.304 Executing VM operation: EnableBiasedLocking
Event: 4.305 Executing VM operation: EnableBiasedLocking done
Event: 4.487 Executing VM operation: ForceSafepoint
Event: 4.487 Executing VM operation: ForceSafepoint done


Dynamic libraries:
0x00007ff674830000 - 0x00007ff674837000 	C:\Program Files\Java\jdk1.8.0_91\bin\javac.exe
0x00007ffe99700000 - 0x00007ffe998a9000 	C:\Windows\SYSTEM32\ntdll.dll
0x00007ffe971b0000 - 0x00007ffe972e9000 	C:\Windows\system32\KERNEL32.DLL
0x00007ffe96ba0000 - 0x00007ffe96cae000 	C:\Windows\system32\KERNELBASE.dll
0x0000000064700000 - 0x000000006472f000 	C:\Program Files\Java\jdk1.8.0_91\bin\jli.dll
0x0000000063370000 - 0x0000000063442000 	C:\Program Files\Java\jdk1.8.0_91\bin\MSVCR100.dll
0x00007ffe97440000 - 0x00007ffe974e5000 	C:\Windows\system32\ADVAPI32.dll
0x00007ffe94c90000 - 0x00007ffe94eea000 	C:\Windows\WinSxS\amd64_microsoft.windows.common-controls_6595b64144ccf1df_6.0.9600.16384_none_62475f7becb72503\COMCTL32.dll
0x00007ffe96f90000 - 0x00007ffe97101000 	C:\Windows\system32\USER32.dll
0x00007ffe993b0000 - 0x00007ffe99457000 	C:\Windows\system32\msvcrt.dll
0x00007ffe97b90000 - 0x00007ffe97be7000 	C:\Windows\SYSTEM32\sechost.dll
0x00007ffe99270000 - 0x00007ffe993a6000 	C:\Windows\system32\RPCRT4.dll
0x00007ffe972f0000 - 0x00007ffe97435000 	C:\Windows\system32\GDI32.dll
0x00007ffe97170000 - 0x00007ffe971a4000 	C:\Windows\system32\IMM32.DLL
0x00007ffe978b0000 - 0x00007ffe979e8000 	C:\Windows\system32\MSCTF.dll
0x0000000063860000 - 0x0000000063932000 	C:\Program Files\Java\jdk1.8.0_91\jre\bin\msvcr100.dll
0x0000000063940000 - 0x00000000641d3000 	C:\Program Files\Java\jdk1.8.0_91\jre\bin\server\jvm.dll
0x00007ffe94680000 - 0x00007ffe94689000 	C:\Windows\SYSTEM32\WSOCK32.dll
0x00007ffe91560000 - 0x00007ffe9157f000 	C:\Windows\SYSTEM32\WINMM.dll
0x00007ffe90a00000 - 0x00007ffe90a0a000 	C:\Windows\SYSTEM32\VERSION.dll
0x00007ffe97c00000 - 0x00007ffe97c07000 	C:\Windows\system32\PSAPI.DLL
0x00007ffe996a0000 - 0x00007ffe996f8000 	C:\Windows\system32\WS2_32.dll
0x00007ffe91530000 - 0x00007ffe9155a000 	C:\Windows\SYSTEM32\WINMMBASE.dll
0x00007ffe974f0000 - 0x00007ffe974f9000 	C:\Windows\system32\NSI.dll
0x00007ffe96b50000 - 0x00007ffe96b9a000 	C:\Windows\SYSTEM32\cfgmgr32.dll
0x00007ffe95900000 - 0x00007ffe95926000 	C:\Windows\SYSTEM32\DEVOBJ.dll
0x0000000063810000 - 0x000000006381f000 	C:\Program Files\Java\jdk1.8.0_91\jre\bin\verify.dll
0x00000000637e0000 - 0x0000000063809000 	C:\Program Files\Java\jdk1.8.0_91\jre\bin\java.dll
0x00000000637c0000 - 0x00000000637d6000 	C:\Program Files\Java\jdk1.8.0_91\jre\bin\zip.dll
0x00007ffe97cc0000 - 0x00007ffe990cf000 	C:\Windows\system32\SHELL32.dll
0x00007ffe99460000 - 0x00007ffe99637000 	C:\Windows\SYSTEM32\combase.dll
0x00007ffe97510000 - 0x00007ffe97561000 	C:\Windows\system32\SHLWAPI.dll
0x00007ffe950d0000 - 0x00007ffe95171000 	C:\Windows\SYSTEM32\SHCORE.dll
0x00007ffe96a80000 - 0x00007ffe96a94000 	C:\Windows\SYSTEM32\profapi.dll

VM Arguments:
jvm_args: -Dapplication.home=C:\Program Files\Java\jdk1.8.0_91 -Xms8m 
java_command: com.sun.tools.javac.Main -d C:\Users\Anomta Das\Documents\NetBeansProjects\Project.SD\build\classes -classpath C:\Users\Anomta Das\Documents\NetBeansProjects\Project.SD\build\classes;C:\Users\Anomta Das\Downloads\jfreechart-1.0.19\lib\hamcrest-core-1.3.jar;C:\Users\Anomta Das\Downloads\jfreechart-1.0.19\lib\jcommon-1.0.23.jar;C:\Users\Anomta Das\Downloads\jfreechart-1.0.19\lib\jfreechart-1.0.19-experimental.jar;C:\Users\Anomta Das\Downloads\jfreechart-1.0.19\lib\jfreechart-1.0.19-swt.jar;C:\Users\Anomta Das\Downloads\jfreechart-1.0.19\lib\jfreechart-1.0.19.jar;C:\Users\Anomta Das\Downloads\jfreechart-1.0.19\lib\jfreesvg-2.0.jar;C:\Users\Anomta Das\Downloads\jfreechart-1.0.19\lib\junit-4.11.jar;C:\Users\Anomta Das\Downloads\jfreechart-1.0.19\lib\orsoncharts-1.4-eval-nofx.jar;C:\Users\Anomta Das\Downloads\jfreechart-1.0.19\lib\orsonpdf-1.6-eval.jar;C:\Users\Anomta Das\Downloads\jfreechart-1.0.19\lib\servlet.jar;C:\Users\Anomta Das\Downloads\jfreechart-1.0.19\lib\swtgraphics2d.jar -sourcepath C:\Users\Anomta Das\Documents\NetBeansProjects\Project.SD\build\empty -target 1.8 -encoding UTF-8 -g -processorpath C:\Users\Anomta Das\Downloads\jfreechart-1.0.19\lib\hamcrest-core-1.3.jar;C:\Users\Anomta Das\Downloads\jfreechart-1.0.19\lib\jcommon-1.0.23.jar;C:\Users\Anomta Das\Downloads\jfreechart-1.0.19\lib\jfreechart-1.0.19-experimental.jar;C:\Users\Anomta Das\Downloads\jfreechart-1.0.19\lib\jfreechart-1.0.19-swt.jar;C:\Users\Anomta Das\Downloads\jfreechart-1.0.19\lib\jfreechart-1.0.19.jar;C:\Users\Anomta Das\Downloads\jfreechart-1.0.19\lib\jfreesvg-2.0.jar;C:\Users\Anomta Das\Downloads\jfreechart-1.0.19\lib\junit-4.11.jar;C:\Users\Anomta Das\Downloads\jfreechart-1.0.19\lib\orsoncharts-1.4-eval-nofx.jar;C:\Users\Anomta Das\Downloads\jfreechart-1.0.19\lib\orsonpdf-1.6-eval.jar;C:\Users\Anomta Das\Downloads\jfreechart-1.0.19\lib\servlet.jar;C:\Users\Anomta Das\Downloads\jfreechart-1.0.19\lib\swtgraphics2d.jar;C:\Users\Anomta Das\Documents\NetBeansProjects\Projec
java_class_path (initial): C:\Program Files\Java\jdk1.8.0_91/lib/tools.jar;C:\Program Files\Java\jdk1.8.0_91/classes
Launcher Type: SUN_STANDARD

Environment Variables:
PATH=C:\ProgramData\Oracle\Java\javapath;C:\Windows\system32;C:\Windows;C:\Windows\System32\Wbem;C:\Windows\System32\WindowsPowerShell\v1.0\;C:\Program Files (x86)\ATI Technologies\ATI.ACE\Core-Static;C:\Program Files (x86)\Common Files\lenovo\easyplussdk\bin;C:\Program Files (x86)\Microsoft SQL Server\100\Tools\Binn\;C:\Program Files\Microsoft SQL Server\100\Tools\Binn\;C:\Program Files\Microsoft SQL Server\100\DTS\Binn\;C:\Program Files (x86)\Skype\Phone\
USERNAME=Anomta Das
OS=Windows_NT
PROCESSOR_IDENTIFIER=Intel64 Family 6 Model 61 Stepping 4, GenuineIntel



---------------  S Y S T E M  ---------------

OS: Windows 8.1 , 64 bit Build 9600 (6.3.9600.16441)

CPU:total 4 (2 cores per cpu, 2 threads per core) family 6 model 61 stepping 4, cmov, cx8, fxsr, mmx, sse, sse2, sse3, ssse3, sse4.1, sse4.2, popcnt, avx, avx2, aes, clmul, erms, 3dnowpref, lzcnt, ht, tsc, tscinvbit, bmi1, bmi2, adx

Memory: 4k page, physical 4082796k(307420k free), swap 5966584k(7300k free)

vm_info: Java HotSpot(TM) 64-Bit Server VM (25.91-b14) for windows-amd64 JRE (1.8.0_91-b14), built on Apr  1 2016 00:58:32 by "java_re" with MS VC++ 10.0 (VS2010)

time: Mon Feb 13 20:44:54 2017
elapsed time: 4 seconds (0d 0h 0m 4s)

