#
# There is insufficient memory for the Java Runtime Environment to continue.
# Native memory allocation (malloc) failed to allocate 682736 bytes for Chunk::new
# Possible reasons:
#   The system is out of physical RAM or swap space
#   In 32 bit mode, the process size limit was hit
# Possible solutions:
#   Reduce memory load on the system
#   Increase physical memory or swap space
#   Check if swap backing store is full
#   Use 64 bit Java on a 64 bit OS
#   Decrease Java heap size (-Xmx/-Xms)
#   Decrease number of Java threads
#   Decrease Java thread stack sizes (-Xss)
#   Set larger code cache with -XX:ReservedCodeCacheSize=
# This output file may be truncated or incomplete.
#
#  Out of Memory Error (allocation.cpp:390), pid=26460, tid=12476
#
# JRE version: Java(TM) SE Runtime Environment (8.0_91-b14) (build 1.8.0_91-b14)
# Java VM: Java HotSpot(TM) 64-Bit Server VM (25.91-b14 mixed mode windows-amd64 compressed oops)
# Failed to write core dump. Minidumps are not enabled by default on client versions of Windows
#

---------------  T H R E A D  ---------------

Current thread (0x0000000014d1c000):  JavaThread "C2 CompilerThread1" daemon [_thread_in_native, id=12476, stack(0x0000000016460000,0x0000000016560000)]

Stack: [0x0000000016460000,0x0000000016560000]
[error occurred during error reporting (printing stack bounds), id 0xc0000005]

Native frames: (J=compiled Java code, j=interpreted, Vv=VM code, C=native code)


Current CompileTask:
C2:  14897 2143       4       sun.font.StandardGlyphVector::getLogicalBounds (84 bytes)


---------------  P R O C E S S  ---------------

Java Threads: ( => current thread )
  0x0000000016edb000 JavaThread "TimerQueue" daemon [_thread_blocked, id=26652, stack(0x0000000018580000,0x0000000018680000)]
  0x0000000002552800 JavaThread "DestroyJavaVM" [_thread_blocked, id=14652, stack(0x0000000000cf0000,0x0000000000df0000)]
  0x0000000016e31000 JavaThread "AWT-EventQueue-0" [_thread_in_native, id=12308, stack(0x0000000017da0000,0x0000000017ea0000)]
  0x0000000016dce000 JavaThread "AWT-Windows" daemon [_thread_in_native, id=15732, stack(0x0000000017890000,0x0000000017990000)]
  0x0000000016dcb800 JavaThread "AWT-Shutdown" [_thread_blocked, id=9360, stack(0x0000000017790000,0x0000000017890000)]
  0x0000000016dca800 JavaThread "Java2D Disposer" daemon [_thread_blocked, id=18020, stack(0x0000000017690000,0x0000000017790000)]
  0x0000000016692800 JavaThread "Service Thread" daemon [_thread_blocked, id=17060, stack(0x0000000016a60000,0x0000000016b60000)]
  0x0000000014d12000 JavaThread "C1 CompilerThread2" daemon [_thread_blocked, id=26668, stack(0x0000000016560000,0x0000000016660000)]
=>0x0000000014d1c000 JavaThread "C2 CompilerThread1" daemon [_thread_in_native, id=12476, stack(0x0000000016460000,0x0000000016560000)]
  0x0000000014d19000 JavaThread "C2 CompilerThread0" daemon [_thread_in_native, id=23644, stack(0x0000000016360000,0x0000000016460000)]
  0x0000000014d18000 JavaThread "Attach Listener" daemon [_thread_blocked, id=19528, stack(0x0000000016260000,0x0000000016360000)]
  0x0000000014d16800 JavaThread "Signal Dispatcher" daemon [_thread_blocked, id=8556, stack(0x0000000016160000,0x0000000016260000)]
  0x000000000264e800 JavaThread "Finalizer" daemon [_thread_blocked, id=26736, stack(0x0000000015f80000,0x0000000016080000)]
  0x0000000002643000 JavaThread "Reference Handler" daemon [_thread_blocked, id=7616, stack(0x0000000015e80000,0x0000000015f80000)]

Other Threads:
  0x0000000014cd6800 VMThread [stack: 0x0000000015d80000,0x0000000015e80000] [id=18732]
  0x0000000016697000 WatcherThread [stack: 0x0000000016b60000,0x0000000016c60000] [id=21436]

VM state:not at safepoint (normal execution)

VM Mutex/Monitor currently owned by a thread: None

Heap:
 PSYoungGen      total 51712K, used 42768K [0x00000000eb380000, 0x00000000f4a00000, 0x0000000100000000)
  eden space 49152K, 87% used [0x00000000eb380000,0x00000000edd44150,0x00000000ee380000)
  from space 2560K, 0% used [0x00000000ee380000,0x00000000ee380000,0x00000000ee600000)
  to   space 40448K, 0% used [0x00000000f2280000,0x00000000f2280000,0x00000000f4a00000)
 ParOldGen       total 201728K, used 91844K [0x00000000c1a00000, 0x00000000cdf00000, 0x00000000eb380000)
  object space 201728K, 45% used [0x00000000c1a00000,0x00000000c73b1310,0x00000000cdf00000)
 Metaspace       used 14952K, capacity 15166K, committed 15488K, reserved 1062912K
  class space    used 1747K, capacity 1839K, committed 1920K, reserved 1048576K

Card table byte_map: [0x0000000011af0000,0x0000000011cf0000] byte_map_base: 0x00000000114e3000

Marking Bits: (ParMarkBitMap*) 0x00000000642f2f70
 Begin Bits: [0x0000000012240000, 0x00000000131d8000)
 End Bits:   [0x00000000131d8000, 0x0000000014170000)

Polling page: 0x0000000000b50000

CodeCache: size=245760Kb used=6448Kb max_used=6457Kb free=239311Kb
 bounds [0x0000000002730000, 0x0000000002d90000, 0x0000000011730000]
 total_blobs=2636 nmethods=2096 adapters=451
 compilation: enabled

Compilation events (10 events):
Event: 14.758 Thread 0x0000000014d12000 2170       1       org.jfree.chart.axis.Axis::getLabelFont (5 bytes)
Event: 14.758 Thread 0x0000000014d12000 nmethod 2170 0x00000000028f6090 code [0x00000000028f61e0, 0x00000000028f62f0]
Event: 14.759 Thread 0x0000000014d12000 2171       1       org.jfree.chart.axis.Axis::getLabelInsets (5 bytes)
Event: 14.759 Thread 0x0000000014d12000 nmethod 2171 0x0000000002853690 code [0x00000000028537e0, 0x00000000028538f0]
Event: 14.759 Thread 0x0000000014d12000 2172       1       org.jfree.chart.axis.AxisLabelLocation::toString (5 bytes)
Event: 14.759 Thread 0x0000000014d12000 nmethod 2172 0x0000000002854090 code [0x00000000028541e0, 0x00000000028542f0]
Event: 14.759 Thread 0x0000000014d12000 2173       1       org.jfree.chart.ChartRenderingInfo::getEntityCollection (5 bytes)
Event: 14.759 Thread 0x0000000014d12000 nmethod 2173 0x0000000002903b90 code [0x0000000002903ce0, 0x0000000002903df0]
Event: 14.763 Thread 0x0000000014d12000 2174       1       org.jfree.chart.axis.AxisState::getTicks (5 bytes)
Event: 14.763 Thread 0x0000000014d12000 nmethod 2174 0x000000000282ea50 code [0x000000000282eba0, 0x000000000282ecb0]

GC Heap History (10 events):
Event: 4.847 GC heap before
{Heap before GC invocations=4 (full 1):
 PSYoungGen      total 35328K, used 32768K [0x00000000eb380000, 0x00000000ed880000, 0x0000000100000000)
  eden space 32768K, 100% used [0x00000000eb380000,0x00000000ed380000,0x00000000ed380000)
  from space 2560K, 0% used [0x00000000ed600000,0x00000000ed600000,0x00000000ed880000)
  to   space 2560K, 0% used [0x00000000ed380000,0x00000000ed380000,0x00000000ed600000)
 ParOldGen       total 83968K, used 24944K [0x00000000c1a00000, 0x00000000c6c00000, 0x00000000eb380000)
  object space 83968K, 29% used [0x00000000c1a00000,0x00000000c325c158,0x00000000c6c00000)
 Metaspace       used 10858K, capacity 11014K, committed 11264K, reserved 1058816K
  class space    used 1377K, capacity 1447K, committed 1536K, reserved 1048576K
Event: 4.862 GC heap after
Heap after GC invocations=4 (full 1):
 PSYoungGen      total 35328K, used 704K [0x00000000eb380000, 0x00000000ee880000, 0x0000000100000000)
  eden space 32768K, 0% used [0x00000000eb380000,0x00000000eb380000,0x00000000ed380000)
  from space 2560K, 27% used [0x00000000ed380000,0x00000000ed430000,0x00000000ed600000)
  to   space 2560K, 0% used [0x00000000ee600000,0x00000000ee600000,0x00000000ee880000)
 ParOldGen       total 83968K, used 72952K [0x00000000c1a00000, 0x00000000c6c00000, 0x00000000eb380000)
  object space 83968K, 86% used [0x00000000c1a00000,0x00000000c613e188,0x00000000c6c00000)
 Metaspace       used 10858K, capacity 11014K, committed 11264K, reserved 1058816K
  class space    used 1377K, capacity 1447K, committed 1536K, reserved 1048576K
}
Event: 4.862 GC heap before
{Heap before GC invocations=5 (full 2):
 PSYoungGen      total 35328K, used 704K [0x00000000eb380000, 0x00000000ee880000, 0x0000000100000000)
  eden space 32768K, 0% used [0x00000000eb380000,0x00000000eb380000,0x00000000ed380000)
  from space 2560K, 27% used [0x00000000ed380000,0x00000000ed430000,0x00000000ed600000)
  to   space 2560K, 0% used [0x00000000ee600000,0x00000000ee600000,0x00000000ee880000)
 ParOldGen       total 83968K, used 72952K [0x00000000c1a00000, 0x00000000c6c00000, 0x00000000eb380000)
  object space 83968K, 86% used [0x00000000c1a00000,0x00000000c613e188,0x00000000c6c00000)
 Metaspace       used 10858K, capacity 11014K, committed 11264K, reserved 1058816K
  class space    used 1377K, capacity 1447K, committed 1536K, reserved 1048576K
Event: 4.876 GC heap after
Heap after GC invocations=5 (full 2):
 PSYoungGen      total 35328K, used 0K [0x00000000eb380000, 0x00000000ee880000, 0x0000000100000000)
  eden space 32768K, 0% used [0x00000000eb380000,0x00000000eb380000,0x00000000ed380000)
  from space 2560K, 0% used [0x00000000ed380000,0x00000000ed380000,0x00000000ed600000)
  to   space 2560K, 0% used [0x00000000ee600000,0x00000000ee600000,0x00000000ee880000)
 ParOldGen       total 136192K, used 41544K [0x00000000c1a00000, 0x00000000c9f00000, 0x00000000eb380000)
  object space 136192K, 30% used [0x00000000c1a00000,0x00000000c4292128,0x00000000c9f00000)
 Metaspace       used 10858K, capacity 11014K, committed 11264K, reserved 1058816K
  class space    used 1377K, capacity 1447K, committed 1536K, reserved 1048576K
}
Event: 7.614 GC heap before
{Heap before GC invocations=6 (full 2):
 PSYoungGen      total 35328K, used 31835K [0x00000000eb380000, 0x00000000ee880000, 0x0000000100000000)
  eden space 32768K, 97% used [0x00000000eb380000,0x00000000ed296f90,0x00000000ed380000)
  from space 2560K, 0% used [0x00000000ed380000,0x00000000ed380000,0x00000000ed600000)
  to   space 2560K, 0% used [0x00000000ee600000,0x00000000ee600000,0x00000000ee880000)
 ParOldGen       total 136192K, used 41544K [0x00000000c1a00000, 0x00000000c9f00000, 0x00000000eb380000)
  object space 136192K, 30% used [0x00000000c1a00000,0x00000000c4292128,0x00000000c9f00000)
 Metaspace       used 14414K, capacity 14596K, committed 14976K, reserved 1062912K
  class space    used 1742K, capacity 1804K, committed 1920K, reserved 1048576K
Event: 7.620 GC heap after
Heap after GC invocations=6 (full 2):
 PSYoungGen      total 51712K, used 2532K [0x00000000eb380000, 0x00000000ee900000, 0x0000000100000000)
  eden space 49152K, 0% used [0x00000000eb380000,0x00000000eb380000,0x00000000ee380000)
  from space 2560K, 98% used [0x00000000ee600000,0x00000000ee879360,0x00000000ee880000)
  to   space 2560K, 0% used [0x00000000ee380000,0x00000000ee380000,0x00000000ee600000)
 ParOldGen       total 136192K, used 56233K [0x00000000c1a00000, 0x00000000c9f00000, 0x00000000eb380000)
  object space 136192K, 41% used [0x00000000c1a00000,0x00000000c50ea6d0,0x00000000c9f00000)
 Metaspace       used 14414K, capacity 14596K, committed 14976K, reserved 1062912K
  class space    used 1742K, capacity 1804K, committed 1920K, reserved 1048576K
}
Event: 11.961 GC heap before
{Heap before GC invocations=7 (full 2):
 PSYoungGen      total 51712K, used 50533K [0x00000000eb380000, 0x00000000ee900000, 0x0000000100000000)
  eden space 49152K, 97% used [0x00000000eb380000,0x00000000ee260260,0x00000000ee380000)
  from space 2560K, 98% used [0x00000000ee600000,0x00000000ee879360,0x00000000ee880000)
  to   space 2560K, 0% used [0x00000000ee380000,0x00000000ee380000,0x00000000ee600000)
 ParOldGen       total 136192K, used 56233K [0x00000000c1a00000, 0x00000000c9f00000, 0x00000000eb380000)
  object space 136192K, 41% used [0x00000000c1a00000,0x00000000c50ea6d0,0x00000000c9f00000)
 Metaspace       used 14870K, capacity 15102K, committed 15232K, reserved 1062912K
  class space    used 1744K, capacity 1839K, committed 1920K, reserved 1048576K
Event: 11.978 GC heap after
Heap after GC invocations=7 (full 2):
 PSYoungGen      total 51712K, used 2557K [0x00000000eb380000, 0x00000000f4a00000, 0x0000000100000000)
  eden space 49152K, 0% used [0x00000000eb380000,0x00000000eb380000,0x00000000ee380000)
  from space 2560K, 99% used [0x00000000ee380000,0x00000000ee5ff590,0x00000000ee600000)
  to   space 40448K, 0% used [0x00000000f2280000,0x00000000f2280000,0x00000000f4a00000)
 ParOldGen       total 136192K, used 99444K [0x00000000c1a00000, 0x00000000c9f00000, 0x00000000eb380000)
  object space 136192K, 73% used [0x00000000c1a00000,0x00000000c7b1d3e0,0x00000000c9f00000)
 Metaspace       used 14870K, capacity 15102K, committed 15232K, reserved 1062912K
  class space    used 1744K, capacity 1839K, committed 1920K, reserved 1048576K
}
Event: 11.978 GC heap before
{Heap before GC invocations=8 (full 3):
 PSYoungGen      total 51712K, used 2557K [0x00000000eb380000, 0x00000000f4a00000, 0x0000000100000000)
  eden space 49152K, 0% used [0x00000000eb380000,0x00000000eb380000,0x00000000ee380000)
  from space 2560K, 99% used [0x00000000ee380000,0x00000000ee5ff590,0x00000000ee600000)
  to   space 40448K, 0% used [0x00000000f2280000,0x00000000f2280000,0x00000000f4a00000)
 ParOldGen       total 136192K, used 99444K [0x00000000c1a00000, 0x00000000c9f00000, 0x00000000eb380000)
  object space 136192K, 73% used [0x00000000c1a00000,0x00000000c7b1d3e0,0x00000000c9f00000)
 Metaspace       used 14870K, capacity 15102K, committed 15232K, reserved 1062912K
  class space    used 1744K, capacity 1839K, committed 1920K, reserved 1048576K
Event: 12.064 GC heap after
Heap after GC invocations=8 (full 3):
 PSYoungGen      total 51712K, used 0K [0x00000000eb380000, 0x00000000f4a00000, 0x0000000100000000)
  eden space 49152K, 0% used [0x00000000eb380000,0x00000000eb380000,0x00000000ee380000)
  from space 2560K, 0% used [0x00000000ee380000,0x00000000ee380000,0x00000000ee600000)
  to   space 40448K, 0% used [0x00000000f2280000,0x00000000f2280000,0x00000000f4a00000)
 ParOldGen       total 201728K, used 91844K [0x00000000c1a00000, 0x00000000cdf00000, 0x00000000eb380000)
  object space 201728K, 45% used [0x00000000c1a00000,0x00000000c73b1310,0x00000000cdf00000)
 Metaspace       used 14870K, capacity 15102K, committed 15232K, reserved 1062912K
  class space    used 1744K, capacity 1839K, committed 1920K, reserved 1048576K
}

Deoptimization events (10 events):
Event: 12.160 Thread 0x0000000016e31000 Uncommon trap: reason=class_check action=maybe_recompile pc=0x0000000002c766e8 method=java.awt.geom.AffineTransform.deltaTransform(Ljava/awt/geom/Point2D;Ljava/awt/geom/Point2D;)Ljava/awt/geom/Point2D; @ 31
Event: 12.160 Thread 0x0000000016e31000 Uncommon trap: reason=class_check action=maybe_recompile pc=0x0000000002c766e8 method=java.awt.geom.AffineTransform.deltaTransform(Ljava/awt/geom/Point2D;Ljava/awt/geom/Point2D;)Ljava/awt/geom/Point2D; @ 31
Event: 12.160 Thread 0x0000000016e31000 Uncommon trap: reason=class_check action=maybe_recompile pc=0x0000000002c766e8 method=java.awt.geom.AffineTransform.deltaTransform(Ljava/awt/geom/Point2D;Ljava/awt/geom/Point2D;)Ljava/awt/geom/Point2D; @ 31
Event: 14.654 Thread 0x0000000016e31000 Uncommon trap: reason=unstable_if action=reinterpret pc=0x0000000002d0df8c method=java.awt.font.FontRenderContext.getTransform()Ljava/awt/geom/AffineTransform; @ 4
Event: 14.654 Thread 0x0000000016e31000 Uncommon trap: reason=unstable_if action=reinterpret pc=0x0000000002c77824 method=java.awt.geom.AffineTransform.isIdentity()Z @ 4
Event: 14.654 Thread 0x0000000016e31000 Uncommon trap: reason=unstable_if action=reinterpret pc=0x0000000002c79324 method=sun.font.FileFontStrike.getGlyphMetrics(IZ)Ljava/awt/geom/Point2D$Float; @ 97
Event: 14.654 Thread 0x0000000016e31000 Uncommon trap: reason=null_check action=make_not_entrant pc=0x0000000002c1bbdc method=java.awt.geom.AffineTransform.equals(Ljava/lang/Object;)Z @ 1
Event: 14.656 Thread 0x0000000016e31000 Uncommon trap: reason=null_check action=make_not_entrant pc=0x0000000002bf3f1c method=java.awt.geom.AffineTransform.equals(Ljava/lang/Object;)Z @ 1
Event: 14.692 Thread 0x0000000016e31000 Uncommon trap: reason=unstable_if action=reinterpret pc=0x0000000002d6da48 method=java.awt.font.FontRenderContext.equals(Ljava/awt/font/FontRenderContext;)Z @ 53
Event: 14.692 Thread 0x0000000016e31000 Uncommon trap: reason=unstable_if action=reinterpret pc=0x0000000002d74010 method=java.awt.font.FontRenderContext.equals(Ljava/awt/font/FontRenderContext;)Z @ 53

Internal exceptions (10 events):
Event: 0.173 Thread 0x0000000002552800 Exception <a 'java/security/PrivilegedActionException'> (0x00000000eb481420) thrown at [C:\re\workspace\8-2-build-windows-amd64-cygwin\jdk8u91\6644\hotspot\src\share\vm\prims\jvm.cpp, line 1386]
Event: 0.177 Thread 0x0000000002552800 Exception <a 'java/io/FileNotFoundException'> (0x00000000eb483890) thrown at [C:\re\workspace\8-2-build-windows-amd64-cygwin\jdk8u91\6644\hotspot\src\share\vm\prims\jni.cpp, line 709]
Event: 0.222 Thread 0x0000000002552800 Exception <a 'java/lang/NoSuchFieldError': method resolution failed> (0x00000000eb551660) thrown at [C:\re\workspace\8-2-build-windows-amd64-cygwin\jdk8u91\6644\hotspot\src\share\vm\prims\methodHandles.cpp, line 1146]
Event: 0.225 Thread 0x0000000002552800 Exception <a 'java/lang/NoSuchFieldError': method resolution failed> (0x00000000eb55e9b0) thrown at [C:\re\workspace\8-2-build-windows-amd64-cygwin\jdk8u91\6644\hotspot\src\share\vm\prims\methodHandles.cpp, line 1146]
Event: 0.274 Thread 0x0000000002552800 Exception <a 'java/io/FileNotFoundException'> (0x00000000eb5f3fd0) thrown at [C:\re\workspace\8-2-build-windows-amd64-cygwin\jdk8u91\6644\hotspot\src\share\vm\prims\jni.cpp, line 709]
Event: 14.654 Thread 0x0000000016e31000 Implicit null exception at 0x0000000002c78c5a to 0x0000000002c79319
Event: 14.654 Thread 0x0000000016e31000 Implicit null exception at 0x0000000002c1b889 to 0x0000000002c1bbc5
Event: 14.656 Thread 0x0000000016e31000 Implicit null exception at 0x0000000002bf3d1f to 0x0000000002bf3f0d
Event: 14.692 Thread 0x0000000016e31000 Implicit null exception at 0x0000000002d6d815 to 0x0000000002d6da31
Event: 14.692 Thread 0x0000000016e31000 Implicit null exception at 0x0000000002d73688 to 0x0000000002d73ff1

Events (10 events):
Event: 14.756 Thread 0x0000000014d12000 flushing nmethod 0x00000000029950d0
Event: 14.756 Thread 0x0000000014d12000 flushing nmethod 0x0000000002996c50
Event: 14.756 Thread 0x0000000014d12000 flushing nmethod 0x00000000029b4790
Event: 14.756 Thread 0x0000000014d12000 flushing nmethod 0x0000000002a6c390
Event: 14.756 Thread 0x0000000014d12000 flushing nmethod 0x0000000002a6c690
Event: 14.757 Thread 0x0000000014d12000 flushing nmethod 0x0000000002a71010
Event: 14.757 Thread 0x0000000014d12000 flushing nmethod 0x0000000002a78c50
Event: 14.757 Thread 0x0000000014d12000 flushing nmethod 0x0000000002a78f50
Event: 14.757 Thread 0x0000000014d12000 flushing nmethod 0x0000000002a7d3d0
Event: 14.757 Thread 0x0000000014d12000 flushing nmethod 0x0000000002a7f650


Dynamic libraries:
0x00007ff7d2ff0000 - 0x00007ff7d3027000 	C:\Program Files\Java\jdk1.8.0_91\bin\java.exe
0x00007ffe99700000 - 0x00007ffe998a9000 	C:\Windows\SYSTEM32\ntdll.dll
0x00007ffe971b0000 - 0x00007ffe972e9000 	C:\Windows\system32\KERNEL32.DLL
0x00007ffe96ba0000 - 0x00007ffe96cae000 	C:\Windows\system32\KERNELBASE.dll
0x00007ffe956b0000 - 0x00007ffe9573b000 	C:\Windows\system32\apphelp.dll
0x00007ffe948f0000 - 0x00007ffe9493c000 	C:\Windows\AppPatch\AppPatch64\AcGenral.DLL
0x00007ffe993b0000 - 0x00007ffe99457000 	C:\Windows\system32\msvcrt.dll
0x00007ffe96930000 - 0x00007ffe9695b000 	C:\Windows\SYSTEM32\SspiCli.dll
0x00007ffe97510000 - 0x00007ffe97561000 	C:\Windows\system32\SHLWAPI.dll
0x00007ffe96f90000 - 0x00007ffe97101000 	C:\Windows\system32\USER32.dll
0x00007ffe979f0000 - 0x00007ffe97b66000 	C:\Windows\system32\ole32.dll
0x00007ffe97cc0000 - 0x00007ffe990cf000 	C:\Windows\system32\SHELL32.dll
0x00007ffe96110000 - 0x00007ffe9612f000 	C:\Windows\SYSTEM32\USERENV.dll
0x00007ffe97440000 - 0x00007ffe974e5000 	C:\Windows\system32\ADVAPI32.dll
0x00007ffe8f4a0000 - 0x00007ffe8f4bb000 	C:\Windows\SYSTEM32\MPR.dll
0x00007ffe99270000 - 0x00007ffe993a6000 	C:\Windows\system32\RPCRT4.dll
0x00007ffe97b90000 - 0x00007ffe97be7000 	C:\Windows\SYSTEM32\sechost.dll
0x00007ffe99460000 - 0x00007ffe99637000 	C:\Windows\SYSTEM32\combase.dll
0x00007ffe972f0000 - 0x00007ffe97435000 	C:\Windows\system32\GDI32.dll
0x00007ffe96a80000 - 0x00007ffe96a94000 	C:\Windows\SYSTEM32\profapi.dll
0x00007ffe950d0000 - 0x00007ffe95171000 	C:\Windows\SYSTEM32\SHCORE.dll
0x00007ffe97170000 - 0x00007ffe971a4000 	C:\Windows\system32\IMM32.DLL
0x00007ffe978b0000 - 0x00007ffe979e8000 	C:\Windows\system32\MSCTF.dll
0x00007ffe94c90000 - 0x00007ffe94eea000 	C:\Windows\WinSxS\amd64_microsoft.windows.common-controls_6595b64144ccf1df_6.0.9600.16384_none_62475f7becb72503\COMCTL32.dll
0x0000000063a00000 - 0x0000000063ad2000 	C:\Program Files\Java\jdk1.8.0_91\jre\bin\msvcr100.dll
0x0000000063ae0000 - 0x0000000064373000 	C:\Program Files\Java\jdk1.8.0_91\jre\bin\server\jvm.dll
0x00007ffe95790000 - 0x00007ffe95799000 	C:\Windows\SYSTEM32\WSOCK32.dll
0x00007ffe91560000 - 0x00007ffe9157f000 	C:\Windows\SYSTEM32\WINMM.dll
0x00007ffe90a00000 - 0x00007ffe90a0a000 	C:\Windows\SYSTEM32\VERSION.dll
0x00007ffe97c00000 - 0x00007ffe97c07000 	C:\Windows\system32\PSAPI.DLL
0x00007ffe996a0000 - 0x00007ffe996f8000 	C:\Windows\system32\WS2_32.dll
0x00007ffe91530000 - 0x00007ffe9155a000 	C:\Windows\SYSTEM32\WINMMBASE.dll
0x00007ffe974f0000 - 0x00007ffe974f9000 	C:\Windows\system32\NSI.dll
0x00007ffe96b50000 - 0x00007ffe96b9a000 	C:\Windows\SYSTEM32\cfgmgr32.dll
0x00007ffe95900000 - 0x00007ffe95926000 	C:\Windows\SYSTEM32\DEVOBJ.dll
0x00000000639b0000 - 0x00000000639bf000 	C:\Program Files\Java\jdk1.8.0_91\jre\bin\verify.dll
0x0000000063980000 - 0x00000000639a9000 	C:\Program Files\Java\jdk1.8.0_91\jre\bin\java.dll
0x0000000063960000 - 0x0000000063976000 	C:\Program Files\Java\jdk1.8.0_91\jre\bin\zip.dll
0x0000000063780000 - 0x0000000063918000 	C:\Program Files\Java\jdk1.8.0_91\jre\bin\awt.dll
0x00007ffe97750000 - 0x00007ffe97807000 	C:\Windows\system32\OLEAUT32.dll
0x00007ffe95880000 - 0x00007ffe958a1000 	C:\Windows\system32\DWMAPI.DLL
0x00007ffe95580000 - 0x00007ffe956a2000 	C:\Windows\system32\uxtheme.dll
0x00007ffe95970000 - 0x00007ffe9597a000 	C:\Windows\SYSTEM32\kernel.appcore.dll
0x00007ffe969c0000 - 0x00007ffe969ca000 	C:\Windows\SYSTEM32\CRYPTBASE.dll
0x00007ffe96960000 - 0x00007ffe969be000 	C:\Windows\SYSTEM32\bcryptPrimitives.dll
0x0000000063730000 - 0x0000000063777000 	C:\Program Files\Java\jdk1.8.0_91\jre\bin\fontmanager.dll
0x0000000063660000 - 0x0000000063691000 	C:\Program Files\Java\jdk1.8.0_91\jre\bin\jpeg.dll
0x0000000063940000 - 0x000000006395a000 	C:\Program Files\Java\jdk1.8.0_91\jre\bin\net.dll
0x00007ffe963b0000 - 0x00007ffe96408000 	C:\Windows\system32\mswsock.dll
0x0000000063920000 - 0x0000000063931000 	C:\Program Files\Java\jdk1.8.0_91\jre\bin\nio.dll
0x00000000636e0000 - 0x0000000063722000 	C:\Program Files\Java\jdk1.8.0_91\jre\bin\t2k.dll
0x00007ffe97c10000 - 0x00007ffe97cb4000 	C:\Windows\SYSTEM32\clbcatq.dll
0x00007ffe93110000 - 0x00007ffe932a3000 	C:\Windows\SYSTEM32\WindowsCodecs.dll
0x00007ffe96410000 - 0x00007ffe9642e000 	C:\Windows\SYSTEM32\CRYPTSP.dll
0x00007ffe96000000 - 0x00007ffe96035000 	C:\Windows\system32\rsaenh.dll
0x00007ffe96640000 - 0x00007ffe96666000 	C:\Windows\SYSTEM32\bcrypt.dll
0x00000000636a0000 - 0x00000000636ca000 	C:\Program Files\Java\jdk1.8.0_91\jre\bin\dcpr.dll

VM Arguments:
jvm_args: -Dfile.encoding=UTF-8 
java_command: project.sd.ProjectSD
java_class_path (initial): C:\Users\Anomta Das\Downloads\jfreechart-1.0.19\lib\hamcrest-core-1.3.jar;C:\Users\Anomta Das\Downloads\jfreechart-1.0.19\lib\jcommon-1.0.23.jar;C:\Users\Anomta Das\Downloads\jfreechart-1.0.19\lib\jfreechart-1.0.19-experimental.jar;C:\Users\Anomta Das\Downloads\jfreechart-1.0.19\lib\jfreechart-1.0.19-swt.jar;C:\Users\Anomta Das\Downloads\jfreechart-1.0.19\lib\jfreechart-1.0.19.jar;C:\Users\Anomta Das\Downloads\jfreechart-1.0.19\lib\jfreesvg-2.0.jar;C:\Users\Anomta Das\Downloads\jfreechart-1.0.19\lib\junit-4.11.jar;C:\Users\Anomta Das\Downloads\jfreechart-1.0.19\lib\orsoncharts-1.4-eval-nofx.jar;C:\Users\Anomta Das\Downloads\jfreechart-1.0.19\lib\orsonpdf-1.6-eval.jar;C:\Users\Anomta Das\Downloads\jfreechart-1.0.19\lib\servlet.jar;C:\Users\Anomta Das\Downloads\jfreechart-1.0.19\lib\swtgraphics2d.jar;C:\Users\Anomta Das\Documents\NetBeansProjects\Project.SD\build\classes
Launcher Type: SUN_STANDARD

Environment Variables:
PATH=C:\ProgramData\Oracle\Java\javapath;C:\Windows\system32;C:\Windows;C:\Windows\System32\Wbem;C:\Windows\System32\WindowsPowerShell\v1.0\;C:\Program Files (x86)\ATI Technologies\ATI.ACE\Core-Static;C:\Program Files (x86)\Common Files\lenovo\easyplussdk\bin;C:\Program Files (x86)\Microsoft SQL Server\100\Tools\Binn\;C:\Program Files\Microsoft SQL Server\100\Tools\Binn\;C:\Program Files\Microsoft SQL Server\100\DTS\Binn\;C:\Program Files (x86)\Skype\Phone\
USERNAME=Anomta Das
OS=Windows_NT
PROCESSOR_IDENTIFIER=Intel64 Family 6 Model 61 Stepping 4, GenuineIntel



---------------  S Y S T E M  ---------------

OS: Windows 8.1 , 64 bit Build 9600 (6.3.9600.16441)

CPU:total 4 (2 cores per cpu, 2 threads per core) family 6 model 61 stepping 4, cmov, cx8, fxsr, mmx, sse, sse2, sse3, ssse3, sse4.1, sse4.2, popcnt, avx, avx2, aes, clmul, erms, 3dnowpref, lzcnt, ht, tsc, tscinvbit, bmi1, bmi2, adx

Memory: 4k page, physical 4082796k(430060k free), swap 5966584k(4992k free)

vm_info: Java HotSpot(TM) 64-Bit Server VM (25.91-b14) for windows-amd64 JRE (1.8.0_91-b14), built on Apr  1 2016 00:58:32 by "java_re" with MS VC++ 10.0 (VS2010)

time: Mon Feb 13 23:02:55 2017
elapsed time: 15 seconds (0d 0h 0m 15s)

