#
# There is insufficient memory for the Java Runtime Environment to continue.
# Native memory allocation (malloc) failed to allocate 32744 bytes for ChunkPool::allocate
# Possible reasons:
#   The system is out of physical RAM or swap space
#   In 32 bit mode, the process size limit was hit
# Possible solutions:
#   Reduce memory load on the system
#   Increase physical memory or swap space
#   Check if swap backing store is full
#   Use 64 bit Java on a 64 bit OS
#   Decrease Java heap size (-Xmx/-Xms)
#   Decrease number of Java threads
#   Decrease Java thread stack sizes (-Xss)
#   Set larger code cache with -XX:ReservedCodeCacheSize=
# This output file may be truncated or incomplete.
#
#  Out of Memory Error (allocation.cpp:273), pid=2832, tid=25708
#
# JRE version: Java(TM) SE Runtime Environment (8.0_91-b14) (build 1.8.0_91-b14)
# Java VM: Java HotSpot(TM) 64-Bit Server VM (25.91-b14 mixed mode windows-amd64 compressed oops)
# Failed to write core dump. Minidumps are not enabled by default on client versions of Windows
#

---------------  T H R E A D  ---------------

Current thread (0x00000000026f2800):  JavaThread "main" [_thread_in_vm, id=25708, stack(0x0000000002550000,0x0000000002650000)]

Stack: [0x0000000002550000,0x0000000002650000]
[error occurred during error reporting (printing stack bounds), id 0xc0000005]

Native frames: (J=compiled Java code, j=interpreted, Vv=VM code, C=native code)

Java frames: (J=compiled Java code, j=interpreted, Vv=VM code)
j  sun.misc.Unsafe.defineAnonymousClass(Ljava/lang/Class;[B[Ljava/lang/Object;)Ljava/lang/Class;+0
j  java.lang.invoke.InvokerBytecodeGenerator.loadAndInitializeInvokerClass([B[Ljava/lang/Object;)Ljava/lang/Class;+8
j  java.lang.invoke.InvokerBytecodeGenerator.loadMethod([B)Ljava/lang/invoke/MemberName;+6
j  java.lang.invoke.InvokerBytecodeGenerator.generateCustomizedCode(Ljava/lang/invoke/LambdaForm;Ljava/lang/invoke/MethodType;)Ljava/lang/invoke/MemberName;+17
j  java.lang.invoke.LambdaForm.compileToBytecode()Ljava/lang/invoke/MemberName;+65
j  java.lang.invoke.DirectMethodHandle.makePreparedLambdaForm(Ljava/lang/invoke/MethodType;I)Ljava/lang/invoke/LambdaForm;+638
j  java.lang.invoke.DirectMethodHandle.preparedLambdaForm(Ljava/lang/invoke/MethodType;I)Ljava/lang/invoke/LambdaForm;+17
j  java.lang.invoke.DirectMethodHandle.preparedLambdaForm(Ljava/lang/invoke/MemberName;)Ljava/lang/invoke/LambdaForm;+163
j  java.lang.invoke.DirectMethodHandle.make(BLjava/lang/Class;Ljava/lang/invoke/MemberName;)Ljava/lang/invoke/DirectMethodHandle;+94
j  java.lang.invoke.DirectMethodHandle.make(Ljava/lang/Class;Ljava/lang/invoke/MemberName;)Ljava/lang/invoke/DirectMethodHandle;+16
j  java.lang.invoke.DirectMethodHandle.make(Ljava/lang/invoke/MemberName;)Ljava/lang/invoke/DirectMethodHandle;+17
j  java.lang.invoke.Invokers.basicInvoker()Ljava/lang/invoke/MethodHandle;+60
j  java.lang.invoke.LambdaForm$NamedFunction.<init>(Ljava/lang/invoke/MethodType;)V+42
j  java.lang.invoke.LambdaForm$Name.<init>(Ljava/lang/invoke/MethodType;[Ljava/lang/Object;)V+6
j  java.lang.invoke.DelegatingMethodHandle.makeReinvokerForm(Ljava/lang/invoke/MethodHandle;ILjava/lang/Object;Ljava/lang/String;ZLjava/lang/invoke/LambdaForm$NamedFunction;Ljava/lang/invoke/LambdaForm$NamedFunction;)Ljava/lang/invoke/LambdaForm;+291
j  java.lang.invoke.DelegatingMethodHandle.makeReinvokerForm(Ljava/lang/invoke/MethodHandle;ILjava/lang/Object;Ljava/lang/invoke/LambdaForm$NamedFunction;)Ljava/lang/invoke/LambdaForm;+54
j  java.lang.invoke.DelegatingMethodHandle.chooseDelegatingForm(Ljava/lang/invoke/MethodHandle;)Ljava/lang/invoke/LambdaForm;+20
j  java.lang.invoke.DelegatingMethodHandle.<init>(Ljava/lang/invoke/MethodType;Ljava/lang/invoke/MethodHandle;)V+3
j  java.lang.invoke.MethodHandleImpl$IntrinsicMethodHandle.<init>(Ljava/lang/invoke/MethodHandle;Ljava/lang/invoke/MethodHandleImpl$Intrinsic;)V+6
j  java.lang.invoke.MethodHandleImpl.makeIntrinsic(Ljava/lang/invoke/MethodHandle;Ljava/lang/invoke/MethodHandleImpl$Intrinsic;)Ljava/lang/invoke/MethodHandle;+16
j  java.lang.invoke.MethodHandleImpl.makeArrays()[Ljava/lang/invoke/MethodHandle;+35
j  java.lang.invoke.MethodHandleImpl.access$000()[Ljava/lang/invoke/MethodHandle;+0
j  java.lang.invoke.MethodHandleImpl$Lazy.<clinit>()V+5
v  ~StubRoutines::call_stub
j  java.lang.invoke.MethodHandleImpl.varargsArray(I)Ljava/lang/invoke/MethodHandle;+0
j  java.lang.invoke.MethodHandleImpl.varargsArray(Ljava/lang/Class;I)Ljava/lang/invoke/MethodHandle;+121
j  java.lang.invoke.MethodHandle.asCollector(Ljava/lang/Class;I)Ljava/lang/invoke/MethodHandle;+36
j  java.lang.invoke.MethodHandleImpl$AsVarargsCollector.<init>(Ljava/lang/invoke/MethodType;Ljava/lang/invoke/MethodHandle;Ljava/lang/Class;)V+20
j  java.lang.invoke.MethodHandleImpl$AsVarargsCollector.<init>(Ljava/lang/invoke/MethodHandle;Ljava/lang/Class;)V+7
j  java.lang.invoke.MethodHandleImpl.makeVarargsCollector(Ljava/lang/invoke/MethodHandle;Ljava/lang/Class;)Ljava/lang/invoke/MethodHandle;+43
j  java.lang.invoke.MethodHandle.setVarargs(Ljava/lang/invoke/MemberName;)Ljava/lang/invoke/MethodHandle;+26
j  java.lang.invoke.MethodHandles$Lookup.getDirectMethodCommon(BLjava/lang/Class;Ljava/lang/invoke/MemberName;ZZLjava/lang/Class;)Ljava/lang/invoke/MethodHandle;+263
j  java.lang.invoke.MethodHandles$Lookup.getDirectMethod(BLjava/lang/Class;Ljava/lang/invoke/MemberName;Ljava/lang/Class;)Ljava/lang/invoke/MethodHandle;+8
j  java.lang.invoke.MethodHandles$Lookup.findStatic(Ljava/lang/Class;Ljava/lang/String;Ljava/lang/invoke/MethodType;)Ljava/lang/invoke/MethodHandle;+23
j  java.lang.invoke.CallSite.<clinit>()V+35
v  ~StubRoutines::call_stub
j  java.lang.invoke.MethodHandleNatives.linkCallSiteImpl(Ljava/lang/Class;Ljava/lang/invoke/MethodHandle;Ljava/lang/String;Ljava/lang/invoke/MethodType;Ljava/lang/Object;[Ljava/lang/Object;)Ljava/lang/invoke/MemberName;+6
j  java.lang.invoke.MethodHandleNatives.linkCallSite(Ljava/lang/Object;Ljava/lang/Object;Ljava/lang/Object;Ljava/lang/Object;Ljava/lang/Object;[Ljava/lang/Object;)Ljava/lang/invoke/MemberName;+45
v  ~StubRoutines::call_stub
j  java.awt.GraphicsEnvironment.getHeadlessProperty()Z+6
j  java.awt.GraphicsEnvironment.isHeadless()Z+0
j  java.awt.Toolkit.<clinit>()V+47
v  ~StubRoutines::call_stub
j  java.awt.Component.<clinit>()V+93
v  ~StubRoutines::call_stub
j  project.sd.ProjectSD.main([Ljava/lang/String;)V+0
v  ~StubRoutines::call_stub

---------------  P R O C E S S  ---------------

Java Threads: ( => current thread )
  0x0000000016730800 JavaThread "Service Thread" daemon [_thread_blocked, id=26688, stack(0x0000000016b00000,0x0000000016c00000)]
  0x0000000014dd9800 JavaThread "C1 CompilerThread2" daemon [_thread_in_native, id=18956, stack(0x0000000016600000,0x0000000016700000)]
  0x0000000014dd0800 JavaThread "C2 CompilerThread1" daemon [_thread_blocked, id=15608, stack(0x0000000016500000,0x0000000016600000)]
  0x0000000014dcd800 JavaThread "C2 CompilerThread0" daemon [_thread_blocked, id=24540, stack(0x0000000016400000,0x0000000016500000)]
  0x0000000014dcc000 JavaThread "Attach Listener" daemon [_thread_blocked, id=18588, stack(0x0000000016300000,0x0000000016400000)]
  0x0000000014dcb000 JavaThread "Signal Dispatcher" daemon [_thread_blocked, id=22096, stack(0x0000000016200000,0x0000000016300000)]
  0x00000000027ee000 JavaThread "Finalizer" daemon [_thread_blocked, id=25504, stack(0x0000000016020000,0x0000000016120000)]
  0x00000000027e3000 JavaThread "Reference Handler" daemon [_thread_blocked, id=192, stack(0x0000000015f20000,0x0000000016020000)]
=>0x00000000026f2800 JavaThread "main" [_thread_in_vm, id=25708, stack(0x0000000002550000,0x0000000002650000)]

Other Threads:
  0x0000000014d98000 VMThread [stack: 0x0000000015e20000,0x0000000015f20000] [id=16160]
  0x000000001675c000 WatcherThread [stack: 0x0000000016c00000,0x0000000016d00000] [id=13600]

VM state:not at safepoint (normal execution)

VM Mutex/Monitor currently owned by a thread: None

Heap:
 PSYoungGen      total 18944K, used 1967K [0x00000000eb380000, 0x00000000ec880000, 0x0000000100000000)
  eden space 16384K, 12% used [0x00000000eb380000,0x00000000eb56bd80,0x00000000ec380000)
  from space 2560K, 0% used [0x00000000ec600000,0x00000000ec600000,0x00000000ec880000)
  to   space 2560K, 0% used [0x00000000ec380000,0x00000000ec380000,0x00000000ec600000)
 ParOldGen       total 44032K, used 0K [0x00000000c1a00000, 0x00000000c4500000, 0x00000000eb380000)
  object space 44032K, 0% used [0x00000000c1a00000,0x00000000c1a00000,0x00000000c4500000)
 Metaspace       used 4157K, capacity 4692K, committed 4992K, reserved 1056768K
  class space    used 469K, capacity 539K, committed 640K, reserved 1048576K

Card table byte_map: [0x0000000011bb0000,0x0000000011db0000] byte_map_base: 0x00000000115a3000

Marking Bits: (ParMarkBitMap*) 0x0000000064152f70
 Begin Bits: [0x0000000012300000, 0x0000000013298000)
 End Bits:   [0x0000000013298000, 0x0000000014230000)

Polling page: 0x0000000000da0000

CodeCache: size=245760Kb used=1317Kb max_used=1317Kb free=244443Kb
 bounds [0x00000000027f0000, 0x0000000002a60000, 0x00000000117f0000]
 total_blobs=430 nmethods=166 adapters=177
 compilation: enabled

Compilation events (10 events):
Event: 0.146 Thread 0x0000000014dd9800 nmethod 153 0x0000000002935210 code [0x0000000002935360, 0x0000000002935510]
Event: 0.146 Thread 0x0000000014dd9800  156       3       java.lang.invoke.MethodType::checkPtype (19 bytes)
Event: 0.146 Thread 0x0000000014dd9800 nmethod 156 0x0000000002934990 code [0x0000000002934b20, 0x0000000002934ef8]
Event: 0.146 Thread 0x0000000014dd9800  150       3       java.util.Arrays$ArrayList::get (7 bytes)
Event: 0.146 Thread 0x0000000014dd9800 nmethod 150 0x0000000002934450 code [0x00000000029345a0, 0x0000000002934710]
Event: 0.146 Thread 0x0000000014dd9800  149       3       java.lang.String::indexOf (25 bytes)
Event: 0.146 Thread 0x0000000014dd9800 nmethod 149 0x0000000002934010 code [0x0000000002934180, 0x0000000002934328]
Event: 0.146 Thread 0x0000000014dd9800  161       3       java.lang.invoke.LambdaForm$NamedFunction::methodType (23 bytes)
Event: 0.147 Thread 0x0000000014dd9800 nmethod 161 0x0000000002933ad0 code [0x0000000002933c40, 0x0000000002933f28]
Event: 0.147 Thread 0x0000000014dd9800  163       3       jdk.internal.org.objectweb.asm.Frame::execute (2252 bytes)

GC Heap History (0 events):
No events

Deoptimization events (0 events):
No events

Internal exceptions (7 events):
Event: 0.032 Thread 0x00000000026f2800 Exception <a 'java/lang/NoSuchMethodError': Method sun.misc.Unsafe.defineClass(Ljava/lang/String;[BII)Ljava/lang/Class; name or signature does not match> (0x00000000eb387cc0) thrown at [C:\re\workspace\8-2-build-windows-amd64-cygwin\jdk8u91\6644\hotspot\sr∑¨Í ˚r†?
Event: 0.032 Thread 0x00000000026f2800 Exception <a 'java/lang/NoSuchMethodError': Method sun.misc.Unsafe.prefetchRead(Ljava/lang/Object;J)V name or signature does not match> (0x00000000eb387fa8) thrown at [C:\re\workspace\8-2-build-windows-amd64-cygwin\jdk8u91\6644\hotspot\src\share\vm\prims\jù3m„^†∫?
Event: 0.104 Thread 0x00000000026f2800 Exception <a 'java/security/PrivilegedActionException'> (0x00000000eb47d1b8) thrown at [C:\re\workspace\8-2-build-windows-amd64-cygwin\jdk8u91\6644\hotspot\src\share\vm\prims\jvm.cpp, line 1386]
Event: 0.104 Thread 0x00000000026f2800 Exception <a 'java/security/PrivilegedActionException'> (0x00000000eb47d3c8) thrown at [C:\re\workspace\8-2-build-windows-amd64-cygwin\jdk8u91\6644\hotspot\src\share\vm\prims\jvm.cpp, line 1386]
Event: 0.105 Thread 0x00000000026f2800 Exception <a 'java/security/PrivilegedActionException'> (0x00000000eb481210) thrown at [C:\re\workspace\8-2-build-windows-amd64-cygwin\jdk8u91\6644\hotspot\src\share\vm\prims\jvm.cpp, line 1386]
Event: 0.105 Thread 0x00000000026f2800 Exception <a 'java/security/PrivilegedActionException'> (0x00000000eb481420) thrown at [C:\re\workspace\8-2-build-windows-amd64-cygwin\jdk8u91\6644\hotspot\src\share\vm\prims\jvm.cpp, line 1386]
Event: 0.108 Thread 0x00000000026f2800 Exception <a 'java/io/FileNotFoundException'> (0x00000000eb483890) thrown at [C:\re\workspace\8-2-build-windows-amd64-cygwin\jdk8u91\6644\hotspot\src\share\vm\prims\jni.cpp, line 709]

Events (10 events):
Event: 0.133 loading class java/lang/invoke/MethodHandleImpl$AsVarargsCollector
Event: 0.133 loading class java/lang/invoke/DelegatingMethodHandle
Event: 0.133 loading class java/lang/invoke/DelegatingMethodHandle done
Event: 0.133 loading class java/lang/invoke/MethodHandleImpl$AsVarargsCollector done
Event: 0.134 loading class java/lang/invoke/WrongMethodTypeException
Event: 0.134 loading class java/lang/invoke/WrongMethodTypeException done
Event: 0.137 loading class java/lang/invoke/MethodHandleImpl$Lazy
Event: 0.137 loading class java/lang/invoke/MethodHandleImpl$Lazy done
Event: 0.137 loading class java/lang/invoke/MethodHandleImpl$IntrinsicMethodHandle
Event: 0.137 loading class java/lang/invoke/MethodHandleImpl$IntrinsicMethodHandle done


Dynamic libraries:
0x00007ff7d2ff0000 - 0x00007ff7d3027000 	C:\Program Files\Java\jdk1.8.0_91\bin\java.exe
0x00007ffe99700000 - 0x00007ffe998a9000 	C:\Windows\SYSTEM32\ntdll.dll
0x00007ffe971b0000 - 0x00007ffe972e9000 	C:\Windows\system32\KERNEL32.DLL
0x00007ffe96ba0000 - 0x00007ffe96cae000 	C:\Windows\system32\KERNELBASE.dll
0x00007ffe956b0000 - 0x00007ffe9573b000 	C:\Windows\system32\apphelp.dll
0x00007ffe940f0000 - 0x00007ffe9413c000 	C:\Windows\AppPatch\AppPatch64\AcGenral.DLL
0x00007ffe993b0000 - 0x00007ffe99457000 	C:\Windows\system32\msvcrt.dll
0x00007ffe96930000 - 0x00007ffe9695b000 	C:\Windows\SYSTEM32\SspiCli.dll
0x00007ffe97510000 - 0x00007ffe97561000 	C:\Windows\system32\SHLWAPI.dll
0x00007ffe96f90000 - 0x00007ffe97101000 	C:\Windows\system32\USER32.dll
0x00007ffe979f0000 - 0x00007ffe97b66000 	C:\Windows\system32\ole32.dll
0x00007ffe97cc0000 - 0x00007ffe990cf000 	C:\Windows\system32\SHELL32.dll
0x00007ffe96110000 - 0x00007ffe9612f000 	C:\Windows\SYSTEM32\USERENV.dll
0x00007ffe97440000 - 0x00007ffe974e5000 	C:\Windows\system32\ADVAPI32.dll
0x00007ffe8f4a0000 - 0x00007ffe8f4bb000 	C:\Windows\SYSTEM32\MPR.dll
0x00007ffe99270000 - 0x00007ffe993a6000 	C:\Windows\system32\RPCRT4.dll
0x00007ffe97b90000 - 0x00007ffe97be7000 	C:\Windows\SYSTEM32\sechost.dll
0x00007ffe99460000 - 0x00007ffe99637000 	C:\Windows\SYSTEM32\combase.dll
0x00007ffe972f0000 - 0x00007ffe97435000 	C:\Windows\system32\GDI32.dll
0x00007ffe96a80000 - 0x00007ffe96a94000 	C:\Windows\SYSTEM32\profapi.dll
0x00007ffe950d0000 - 0x00007ffe95171000 	C:\Windows\SYSTEM32\SHCORE.dll
0x00007ffe97170000 - 0x00007ffe971a4000 	C:\Windows\system32\IMM32.DLL
0x00007ffe978b0000 - 0x00007ffe979e8000 	C:\Windows\system32\MSCTF.dll
0x00007ffe94c90000 - 0x00007ffe94eea000 	C:\Windows\WinSxS\amd64_microsoft.windows.common-controls_6595b64144ccf1df_6.0.9600.16384_none_62475f7becb72503\COMCTL32.dll
0x0000000063860000 - 0x0000000063932000 	C:\Program Files\Java\jdk1.8.0_91\jre\bin\msvcr100.dll
0x0000000063940000 - 0x00000000641d3000 	C:\Program Files\Java\jdk1.8.0_91\jre\bin\server\jvm.dll
0x00007ffe94680000 - 0x00007ffe94689000 	C:\Windows\SYSTEM32\WSOCK32.dll
0x00007ffe91560000 - 0x00007ffe9157f000 	C:\Windows\SYSTEM32\WINMM.dll
0x00007ffe90a00000 - 0x00007ffe90a0a000 	C:\Windows\SYSTEM32\VERSION.dll
0x00007ffe97c00000 - 0x00007ffe97c07000 	C:\Windows\system32\PSAPI.DLL
0x00007ffe996a0000 - 0x00007ffe996f8000 	C:\Windows\system32\WS2_32.dll
0x00007ffe91530000 - 0x00007ffe9155a000 	C:\Windows\SYSTEM32\WINMMBASE.dll
0x00007ffe974f0000 - 0x00007ffe974f9000 	C:\Windows\system32\NSI.dll
0x00007ffe96b50000 - 0x00007ffe96b9a000 	C:\Windows\SYSTEM32\cfgmgr32.dll
0x00007ffe95900000 - 0x00007ffe95926000 	C:\Windows\SYSTEM32\DEVOBJ.dll
0x0000000063810000 - 0x000000006381f000 	C:\Program Files\Java\jdk1.8.0_91\jre\bin\verify.dll
0x00000000637e0000 - 0x0000000063809000 	C:\Program Files\Java\jdk1.8.0_91\jre\bin\java.dll
0x00000000637c0000 - 0x00000000637d6000 	C:\Program Files\Java\jdk1.8.0_91\jre\bin\zip.dll
0x00000000635e0000 - 0x0000000063778000 	C:\Program Files\Java\jdk1.8.0_91\jre\bin\awt.dll
0x00007ffe97750000 - 0x00007ffe97807000 	C:\Windows\system32\OLEAUT32.dll

VM Arguments:
jvm_args: -Dfile.encoding=UTF-8 
java_command: project.sd.ProjectSD
java_class_path (initial): C:\Users\Anomta Das\Downloads\jfreechart-1.0.19\lib\hamcrest-core-1.3.jar;C:\Users\Anomta Das\Downloads\jfreechart-1.0.19\lib\jcommon-1.0.23.jar;C:\Users\Anomta Das\Downloads\jfreechart-1.0.19\lib\jfreechart-1.0.19-experimental.jar;C:\Users\Anomta Das\Downloads\jfreechart-1.0.19\lib\jfreechart-1.0.19-swt.jar;C:\Users\Anomta Das\Downloads\jfreechart-1.0.19\lib\jfreechart-1.0.19.jar;C:\Users\Anomta Das\Downloads\jfreechart-1.0.19\lib\jfreesvg-2.0.jar;C:\Users\Anomta Das\Downloads\jfreechart-1.0.19\lib\junit-4.11.jar;C:\Users\Anomta Das\Downloads\jfreechart-1.0.19\lib\orsoncharts-1.4-eval-nofx.jar;C:\Users\Anomta Das\Downloads\jfreechart-1.0.19\lib\orsonpdf-1.6-eval.jar;C:\Users\Anomta Das\Downloads\jfreechart-1.0.19\lib\servlet.jar;C:\Users\Anomta Das\Downloads\jfreechart-1.0.19\lib\swtgraphics2d.jar;C:\Users\Anomta Das\Documents\NetBeansProjects\Project.SD\build\classes
Launcher Type: SUN_STANDARD

Environment Variables:
PATH=C:\ProgramData\Oracle\Java\javapath;C:\Windows\system32;C:\Windows;C:\Windows\System32\Wbem;C:\Windows\System32\WindowsPowerShell\v1.0\;C:\Program Files (x86)\ATI Technologies\ATI.ACE\Core-Static;C:\Program Files (x86)\Common Files\lenovo\easyplussdk\bin;C:\Program Files (x86)\Microsoft SQL Server\100\Tools\Binn\;C:\Program Files\Microsoft SQL Server\100\Tools\Binn\;C:\Program Files\Microsoft SQL Server\100\DTS\Binn\;C:\Program Files (x86)\Skype\Phone\
USERNAME=Anomta Das
OS=Windows_NT
PROCESSOR_IDENTIFIER=Intel64 Family 6 Model 61 Stepping 4, GenuineIntel



---------------  S Y S T E M  ---------------

OS: Windows 8.1 , 64 bit Build 9600 (6.3.9600.16441)

CPU:total 4 (2 cores per cpu, 2 threads per core) family 6 model 61 stepping 4, cmov, cx8, fxsr, mmx, sse, sse2, sse3, ssse3, sse4.1, sse4.2, popcnt, avx, avx2, aes, clmul, erms, 3dnowpref, lzcnt, ht, tsc, tscinvbit, bmi1, bmi2, adx

Memory: 4k page, physical 4082796k(373668k free), swap 5966584k(5132k free)

vm_info: Java HotSpot(TM) 64-Bit Server VM (25.91-b14) for windows-amd64 JRE (1.8.0_91-b14), built on Apr  1 2016 00:58:32 by "java_re" with MS VC++ 10.0 (VS2010)

time: Mon Feb 13 20:44:31 2017
elapsed time: 0 seconds (0d 0h 0m 0s)

